<?xml version="1.0" encoding="UTF-8"?>
<!-- Generated by org.testng.reporters.JUnitReportReporter -->
<testsuite hostname="DESKTOP-IL33MU7" failures="0" tests="2" name="TestNGSession.LoginPageTest" time="0.015" errors="0" timestamp="16 Mar 2023 12:45:38 GMT" skipped="0">
  <testcase classname="TestNGSession.LoginPageTest" name="checkCurrentURL" time="0.011"/>
  <testcase classname="TestNGSession.LoginPageTest" name="verifTitle" time="0.004"/>
</testsuite> <!-- TestNGSession.LoginPageTest -->
